# JRE version: OpenJDK Runtime Environment (11.0.12+7) (build 11.0.12+7-b1504.28-7817840)
# Java VM: OpenJDK 64-Bit Server VM (11.0.12+7-b1504.28-7817840, mixed mode, tiered, compressed oops, g1 gc, windows-amd64)
Heap:
 garbage-first heap   total 728064K, used 161145K [0x0000000080000000, 0x0000000100000000)
  region size 1024K, 4 young (4096K), 4 survivors (4096K)
 Metaspace       used 160536K, capacity 164803K, committed 165196K, reserved 1191936K
  class space    used 20582K, capacity 22230K, committed 22400K, reserved 1048576K
GC Heap History (20 events):
Event: 1125.662 GC heap after
{Heap after GC invocations=135 (full 0):
 garbage-first heap   total 231424K, used 186890K [0x0000000080000000, 0x0000000100000000)
  region size 1024K, 2 young (2048K), 2 survivors (2048K)
 Metaspace       used 144279K, capacity 148340K, committed 149196K, reserved 1177600K
  class space    used 18338K, capacity 19883K, committed 20224K, reserved 1048576K
}
Event: 1125.815 GC heap before
{Heap before GC invocations=135 (full 0):
 garbage-first heap   total 231424K, used 196106K [0x0000000080000000, 0x0000000100000000)
  region size 1024K, 11 young (11264K), 2 survivors (2048K)
 Metaspace       used 144424K, capacity 148426K, committed 149196K, reserved 1177600K
  class space    used 18369K, capacity 19889K, committed 20224K, reserved 1048576K
}
Event: 1125.824 GC heap after
{Heap after GC invocations=136 (full 0):
 garbage-first heap   total 231424K, used 163097K [0x0000000080000000, 0x0000000100000000)
  region size 1024K, 2 young (2048K), 2 survivors (2048K)
 Metaspace       used 144424K, capacity 148426K, committed 149196K, reserved 1177600K
  class space    used 18369K, capacity 19889K, committed 20224K, reserved 1048576K
}
Event: 1125.880 GC heap before
{Heap before GC invocations=136 (full 0):
 garbage-first heap   total 231424K, used 172313K [0x0000000080000000, 0x0000000100000000)
  region size 1024K, 11 young (11264K), 2 survivors (2048K)
 Metaspace       used 144425K, capacity 148426K, committed 149196K, reserved 1177600K
  class space    used 18369K, capacity 19889K, committed 20224K, reserved 1048576K
}
Event: 1126.242 GC heap after
{Heap after GC invocations=137 (full 0):
 garbage-first heap   total 231424K, used 142525K [0x0000000080000000, 0x0000000100000000)
  region size 1024K, 1 young (1024K), 1 survivors (1024K)
 Metaspace       used 144425K, capacity 148426K, committed 149196K, reserved 1177600K
  class space    used 18369K, capacity 19889K, committed 20224K, reserved 1048576K
}
Event: 1126.383 GC heap before
{Heap before GC invocations=137 (full 0):
 garbage-first heap   total 231424K, used 152765K [0x0000000080000000, 0x0000000100000000)
  region size 1024K, 11 young (11264K), 1 survivors (1024K)
 Metaspace       used 144608K, capacity 148717K, committed 149452K, reserved 1179648K
  class space    used 18376K, capacity 19923K, committed 20224K, reserved 1048576K
}
Event: 1126.522 GC heap after
{Heap after GC invocations=138 (full 0):
 garbage-first heap   total 231424K, used 138858K [0x0000000080000000, 0x0000000100000000)
  region size 1024K, 2 young (2048K), 2 survivors (2048K)
 Metaspace       used 144608K, capacity 148717K, committed 149452K, reserved 1179648K
  class space    used 18376K, capacity 19923K, committed 20224K, reserved 1048576K
}
Event: 1127.565 GC heap before
{Heap before GC invocations=138 (full 0):
 garbage-first heap   total 231424K, used 153194K [0x0000000080000000, 0x0000000100000000)
  region size 1024K, 16 young (16384K), 2 survivors (2048K)
 Metaspace       used 146718K, capacity 150816K, committed 151628K, reserved 1179648K
  class space    used 18702K, capacity 20279K, committed 20608K, reserved 1048576K
}
Event: 1127.647 GC heap after
{Heap after GC invocations=139 (full 0):
 garbage-first heap   total 531456K, used 140229K [0x0000000080000000, 0x0000000100000000)
  region size 1024K, 1 young (1024K), 1 survivors (1024K)
 Metaspace       used 146718K, capacity 150816K, committed 151628K, reserved 1179648K
  class space    used 18702K, capacity 20279K, committed 20608K, reserved 1048576K
}
Event: 1128.567 GC heap before
{Heap before GC invocations=139 (full 0):
 garbage-first heap   total 531456K, used 164805K [0x0000000080000000, 0x0000000100000000)
  region size 1024K, 25 young (25600K), 1 survivors (1024K)
 Metaspace       used 150075K, capacity 154221K, committed 154956K, reserved 1183744K
  class space    used 19266K, capacity 20837K, committed 21120K, reserved 1048576K
}
Event: 1128.574 GC heap after
{Heap after GC invocations=140 (full 0):
 garbage-first heap   total 531456K, used 141741K [0x0000000080000000, 0x0000000100000000)
  region size 1024K, 3 young (3072K), 3 survivors (3072K)
 Metaspace       used 150075K, capacity 154221K, committed 154956K, reserved 1183744K
  class space    used 19266K, capacity 20837K, committed 21120K, reserved 1048576K
}
Event: 1131.788 GC heap before
{Heap before GC invocations=140 (full 0):
 garbage-first heap   total 531456K, used 173485K [0x0000000080000000, 0x0000000100000000)
  region size 1024K, 25 young (25600K), 3 survivors (3072K)
 Metaspace       used 151844K, capacity 155911K, committed 156364K, reserved 1183744K
  class space    used 19499K, capacity 21061K, committed 21248K, reserved 1048576K
}
Event: 1131.850 GC heap after
{Heap after GC invocations=141 (full 0):
 garbage-first heap   total 531456K, used 156120K [0x0000000080000000, 0x0000000100000000)
  region size 1024K, 4 young (4096K), 4 survivors (4096K)
 Metaspace       used 151844K, capacity 155911K, committed 156364K, reserved 1183744K
  class space    used 19499K, capacity 21061K, committed 21248K, reserved 1048576K
}
Event: 1137.184 GC heap before
{Heap before GC invocations=141 (full 0):
 garbage-first heap   total 531456K, used 179672K [0x0000000080000000, 0x0000000100000000)
  region size 1024K, 27 young (27648K), 4 survivors (4096K)
 Metaspace       used 152404K, capacity 156574K, committed 157004K, reserved 1185792K
  class space    used 19579K, capacity 21174K, committed 21376K, reserved 1048576K
}
Event: 1137.356 GC heap after
{Heap after GC invocations=142 (full 0):
 garbage-first heap   total 531456K, used 158018K [0x0000000080000000, 0x0000000100000000)
  region size 1024K, 2 young (2048K), 2 survivors (2048K)
 Metaspace       used 152404K, capacity 156574K, committed 157004K, reserved 1185792K
  class space    used 19579K, capacity 21174K, committed 21376K, reserved 1048576K
}
Event: 1138.125 GC heap before
{Heap before GC invocations=142 (full 0):
 garbage-first heap   total 531456K, used 181570K [0x0000000080000000, 0x0000000100000000)
  region size 1024K, 25 young (25600K), 2 survivors (2048K)
 Metaspace       used 154980K, capacity 159196K, committed 159436K, reserved 1187840K
  class space    used 19798K, capacity 21403K, committed 21504K, reserved 1048576K
}
Event: 1138.133 GC heap after
{Heap after GC invocations=143 (full 0):
 garbage-first heap   total 531456K, used 158614K [0x0000000080000000, 0x0000000100000000)
  region size 1024K, 3 young (3072K), 3 survivors (3072K)
 Metaspace       used 154980K, capacity 159196K, committed 159436K, reserved 1187840K
  class space    used 19798K, capacity 21403K, committed 21504K, reserved 1048576K
}
Event: 1139.879 GC heap before
{Heap before GC invocations=143 (full 0):
 garbage-first heap   total 531456K, used 186262K [0x0000000080000000, 0x0000000100000000)
  region size 1024K, 30 young (30720K), 3 survivors (3072K)
 Metaspace       used 158394K, capacity 162602K, committed 162764K, reserved 1189888K
  class space    used 20324K, capacity 21931K, committed 22016K, reserved 1048576K
}
Event: 1140.050 GC heap after
{Heap after GC invocations=144 (full 0):
 garbage-first heap   total 531456K, used 159483K [0x0000000080000000, 0x0000000100000000)
  region size 1024K, 2 young (2048K), 2 survivors (2048K)
 Metaspace       used 158394K, capacity 162602K, committed 162764K, reserved 1189888K
  class space    used 20324K, capacity 21931K, committed 22016K, reserved 1048576K
}
Event: 1142.368 GC heap before
{Heap before GC invocations=144 (full 0):
 garbage-first heap   total 531456K, used 184059K [0x0000000080000000, 0x0000000100000000)
  region size 1024K, 26 young (26624K), 2 survivors (2048K)
 Metaspace       used 160536K, capacity 164803K, committed 165196K, reserved 1191936K
  class space    used 20582K, capacity 22230K, committed 22400K, reserved 1048576K
}

